# JRE version: Java(TM) SE Runtime Environment (15.0.1+9) (build 15.0.1+9-18)
# Java VM: Java HotSpot(TM) 64-Bit Server VM (15.0.1+9-18, mixed mode, sharing, tiered, compressed oops, parallel gc, windows-amd64)
GC Precious Log:
 CPUs: 8 total, 8 available
 Memory: 7116M
 Large Page Support: Disabled
 NUMA Support: Disabled
 Compressed Oops: Enabled (32-bit)
 Heap Min Capacity: 100M
 Heap Initial Capacity: 100M
 Heap Max Capacity: 1G
 Pre-touch: Disabled
 Parallel Workers: 8
Heap:
 PSYoungGen      total 24576K, used 16798K [0x00000000eab00000, 0x00000000ec780000, 0x0000000100000000)
  eden space 23552K, 67% used [0x00000000eab00000,0x00000000eba8fa28,0x00000000ec200000)
  from space 1024K, 84% used [0x00000000ec680000,0x00000000ec758000,0x00000000ec780000)
  to   space 2048K, 0% used [0x00000000ec380000,0x00000000ec380000,0x00000000ec580000)
 ParOldGen       total 68608K, used 14900K [0x00000000c0000000, 0x00000000c4300000, 0x00000000eab00000)
  object space 68608K, 21% used [0x00000000c0000000,0x00000000c0e8d240,0x00000000c4300000)
 Metaspace       used 38054K, capacity 40269K, committed 40408K, reserved 1085440K
  class space    used 4048K, capacity 4852K, committed 4864K, reserved 1048576K
GC Heap History (20 events):
Event: 3.242 GC heap before
{Heap before GC invocations=3 (full 0):
 PSYoungGen      total 29696K, used 29661K [0x00000000eab00000, 0x00000000ecc00000, 0x0000000100000000)
  eden space 25600K, 99% used [0x00000000eab00000,0x00000000ec3fb208,0x00000000ec400000)
  from space 4096K, 99% used [0x00000000ec800000,0x00000000ecbfc3d8,0x00000000ecc00000)
  to   space 4096K, 0% used [0x00000000ec400000,0x00000000ec400000,0x00000000ec800000)
 ParOldGen       total 68608K, used 1200K [0x00000000c0000000, 0x00000000c4300000, 0x00000000eab00000)
  object space 68608K, 1% used [0x00000000c0000000,0x00000000c012c360,0x00000000c4300000)
 Metaspace       used 13561K, capacity 14545K, committed 14720K, reserved 1062912K
  class space    used 1326K, capacity 1628K, committed 1664K, reserved 1048576K
}
Event: 3.250 GC heap after
{Heap after GC invocations=3 (full 0):
 PSYoungGen      total 29696K, used 4080K [0x00000000eab00000, 0x00000000ecc00000, 0x0000000100000000)
  eden space 25600K, 0% used [0x00000000eab00000,0x00000000eab00000,0x00000000ec400000)
  from space 4096K, 99% used [0x00000000ec400000,0x00000000ec7fc2f0,0x00000000ec800000)
  to   space 4096K, 0% used [0x00000000ec800000,0x00000000ec800000,0x00000000ecc00000)
 ParOldGen       total 68608K, used 3268K [0x00000000c0000000, 0x00000000c4300000, 0x00000000eab00000)
  object space 68608K, 4% used [0x00000000c0000000,0x00000000c03311e8,0x00000000c4300000)
 Metaspace       used 13561K, capacity 14545K, committed 14720K, reserved 1062912K
  class space    used 1326K, capacity 1628K, committed 1664K, reserved 1048576K
}
Event: 3.709 GC heap before
{Heap before GC invocations=4 (full 0):
 PSYoungGen      total 29696K, used 29680K [0x00000000eab00000, 0x00000000ecc00000, 0x0000000100000000)
  eden space 25600K, 100% used [0x00000000eab00000,0x00000000ec400000,0x00000000ec400000)
  from space 4096K, 99% used [0x00000000ec400000,0x00000000ec7fc2f0,0x00000000ec800000)
  to   space 4096K, 0% used [0x00000000ec800000,0x00000000ec800000,0x00000000ecc00000)
 ParOldGen       total 68608K, used 3268K [0x00000000c0000000, 0x00000000c4300000, 0x00000000eab00000)
  object space 68608K, 4% used [0x00000000c0000000,0x00000000c03311e8,0x00000000c4300000)
 Metaspace       used 17593K, capacity 18722K, committed 18944K, reserved 1067008K
  class space    used 1628K, capacity 2039K, committed 2048K, reserved 1048576K
}
Event: 3.717 GC heap after
{Heap after GC invocations=4 (full 0):
 PSYoungGen      total 29696K, used 4064K [0x00000000eab00000, 0x00000000ecc00000, 0x0000000100000000)
  eden space 25600K, 0% used [0x00000000eab00000,0x00000000eab00000,0x00000000ec400000)
  from space 4096K, 99% used [0x00000000ec800000,0x00000000ecbf8280,0x00000000ecc00000)
  to   space 4096K, 0% used [0x00000000ec400000,0x00000000ec400000,0x00000000ec800000)
 ParOldGen       total 68608K, used 4468K [0x00000000c0000000, 0x00000000c4300000, 0x00000000eab00000)
  object space 68608K, 6% used [0x00000000c0000000,0x00000000c045d160,0x00000000c4300000)
 Metaspace       used 17593K, capacity 18722K, committed 18944K, reserved 1067008K
  class space    used 1628K, capacity 2039K, committed 2048K, reserved 1048576K
}
Event: 3.955 GC heap before
{Heap before GC invocations=5 (full 0):
 PSYoungGen      total 29696K, used 18109K [0x00000000eab00000, 0x00000000ecc00000, 0x0000000100000000)
  eden space 25600K, 54% used [0x00000000eab00000,0x00000000eb8b7290,0x00000000ec400000)
  from space 4096K, 99% used [0x00000000ec800000,0x00000000ecbf8280,0x00000000ecc00000)
  to   space 4096K, 0% used [0x00000000ec400000,0x00000000ec400000,0x00000000ec800000)
 ParOldGen       total 68608K, used 4468K [0x00000000c0000000, 0x00000000c4300000, 0x00000000eab00000)
  object space 68608K, 6% used [0x00000000c0000000,0x00000000c045d160,0x00000000c4300000)
 Metaspace       used 20039K, capacity 21162K, committed 21248K, reserved 1069056K
  class space    used 1839K, capacity 2235K, committed 2304K, reserved 1048576K
}
Event: 3.959 GC heap after
{Heap after GC invocations=5 (full 0):
 PSYoungGen      total 29696K, used 4071K [0x00000000eab00000, 0x00000000ece00000, 0x0000000100000000)
  eden space 25600K, 0% used [0x00000000eab00000,0x00000000eab00000,0x00000000ec400000)
  from space 4096K, 99% used [0x00000000ec400000,0x00000000ec7f9d68,0x00000000ec800000)
  to   space 5120K, 0% used [0x00000000ec900000,0x00000000ec900000,0x00000000ece00000)
 ParOldGen       total 68608K, used 4915K [0x00000000c0000000, 0x00000000c4300000, 0x00000000eab00000)
  object space 68608K, 7% used [0x00000000c0000000,0x00000000c04ccd10,0x00000000c4300000)
 Metaspace       used 20039K, capacity 21162K, committed 21248K, reserved 1069056K
  class space    used 1839K, capacity 2235K, committed 2304K, reserved 1048576K
}
Event: 3.959 GC heap before
{Heap before GC invocations=6 (full 1):
 PSYoungGen      total 29696K, used 4071K [0x00000000eab00000, 0x00000000ece00000, 0x0000000100000000)
  eden space 25600K, 0% used [0x00000000eab00000,0x00000000eab00000,0x00000000ec400000)
  from space 4096K, 99% used [0x00000000ec400000,0x00000000ec7f9d68,0x00000000ec800000)
  to   space 5120K, 0% used [0x00000000ec900000,0x00000000ec900000,0x00000000ece00000)
 ParOldGen       total 68608K, used 4915K [0x00000000c0000000, 0x00000000c4300000, 0x00000000eab00000)
  object space 68608K, 7% used [0x00000000c0000000,0x00000000c04ccd10,0x00000000c4300000)
 Metaspace       used 20039K, capacity 21162K, committed 21248K, reserved 1069056K
  class space    used 1839K, capacity 2235K, committed 2304K, reserved 1048576K
}
Event: 3.989 GC heap after
{Heap after GC invocations=6 (full 1):
 PSYoungGen      total 29696K, used 0K [0x00000000eab00000, 0x00000000ece00000, 0x0000000100000000)
  eden space 25600K, 0% used [0x00000000eab00000,0x00000000eab00000,0x00000000ec400000)
  from space 4096K, 0% used [0x00000000ec400000,0x00000000ec400000,0x00000000ec800000)
  to   space 5120K, 0% used [0x00000000ec900000,0x00000000ec900000,0x00000000ece00000)
 ParOldGen       total 68608K, used 8670K [0x00000000c0000000, 0x00000000c4300000, 0x00000000eab00000)
  object space 68608K, 12% used [0x00000000c0000000,0x00000000c0877918,0x00000000c4300000)
 Metaspace       used 20039K, capacity 21162K, committed 21248K, reserved 1069056K
  class space    used 1839K, capacity 2235K, committed 2304K, reserved 1048576K
}
Event: 4.757 GC heap before
{Heap before GC invocations=7 (full 1):
 PSYoungGen      total 29696K, used 25600K [0x00000000eab00000, 0x00000000ece00000, 0x0000000100000000)
  eden space 25600K, 100% used [0x00000000eab00000,0x00000000ec400000,0x00000000ec400000)
  from space 4096K, 0% used [0x00000000ec400000,0x00000000ec400000,0x00000000ec800000)
  to   space 5120K, 0% used [0x00000000ec900000,0x00000000ec900000,0x00000000ece00000)
 ParOldGen       total 68608K, used 8670K [0x00000000c0000000, 0x00000000c4300000, 0x00000000eab00000)
  object space 68608K, 12% used [0x00000000c0000000,0x00000000c0877918,0x00000000c4300000)
 Metaspace       used 22949K, capacity 24201K, committed 24448K, reserved 1071104K
  class space    used 2107K, capacity 2569K, committed 2688K, reserved 1048576K
}
Event: 4.760 GC heap after
{Heap after GC invocations=7 (full 1):
 PSYoungGen      total 28160K, used 2749K [0x00000000eab00000, 0x00000000ecc00000, 0x0000000100000000)
  eden space 25088K, 0% used [0x00000000eab00000,0x00000000eab00000,0x00000000ec380000)
  from space 3072K, 89% used [0x00000000ec900000,0x00000000ecbaf780,0x00000000ecc00000)
  to   space 3584K, 0% used [0x00000000ec500000,0x00000000ec500000,0x00000000ec880000)
 ParOldGen       total 68608K, used 8678K [0x00000000c0000000, 0x00000000c4300000, 0x00000000eab00000)
  object space 68608K, 12% used [0x00000000c0000000,0x00000000c0879918,0x00000000c4300000)
 Metaspace       used 22949K, capacity 24201K, committed 24448K, reserved 1071104K
  class space    used 2107K, capacity 2569K, committed 2688K, reserved 1048576K
}
Event: 5.590 GC heap before
{Heap before GC invocations=8 (full 1):
 PSYoungGen      total 28160K, used 27837K [0x00000000eab00000, 0x00000000ecc00000, 0x0000000100000000)
  eden space 25088K, 100% used [0x00000000eab00000,0x00000000ec380000,0x00000000ec380000)
  from space 3072K, 89% used [0x00000000ec900000,0x00000000ecbaf780,0x00000000ecc00000)
  to   space 3584K, 0% used [0x00000000ec500000,0x00000000ec500000,0x00000000ec880000)
 ParOldGen       total 68608K, used 8678K [0x00000000c0000000, 0x00000000c4300000, 0x00000000eab00000)
  object space 68608K, 12% used [0x00000000c0000000,0x00000000c0879918,0x00000000c4300000)
 Metaspace       used 27068K, capacity 28928K, committed 29184K, reserved 1075200K
  class space    used 2639K, capacity 3294K, committed 3328K, reserved 1048576K
}
Event: 5.594 GC heap after
{Heap after GC invocations=8 (full 1):
 PSYoungGen      total 28160K, used 3555K [0x00000000eab00000, 0x00000000ecd00000, 0x0000000100000000)
  eden space 24576K, 0% used [0x00000000eab00000,0x00000000eab00000,0x00000000ec300000)
  from space 3584K, 99% used [0x00000000ec500000,0x00000000ec878e98,0x00000000ec880000)
  to   space 4608K, 0% used [0x00000000ec880000,0x00000000ec880000,0x00000000ecd00000)
 ParOldGen       total 68608K, used 9454K [0x00000000c0000000, 0x00000000c4300000, 0x00000000eab00000)
  object space 68608K, 13% used [0x00000000c0000000,0x00000000c093b968,0x00000000c4300000)
 Metaspace       used 27068K, capacity 28928K, committed 29184K, reserved 1075200K
  class space    used 2639K, capacity 3294K, committed 3328K, reserved 1048576K
}
Event: 6.146 GC heap before
{Heap before GC invocations=9 (full 1):
 PSYoungGen      total 28160K, used 28131K [0x00000000eab00000, 0x00000000ecd00000, 0x0000000100000000)
  eden space 24576K, 100% used [0x00000000eab00000,0x00000000ec300000,0x00000000ec300000)
  from space 3584K, 99% used [0x00000000ec500000,0x00000000ec878e98,0x00000000ec880000)
  to   space 4608K, 0% used [0x00000000ec880000,0x00000000ec880000,0x00000000ecd00000)
 ParOldGen       total 68608K, used 9454K [0x00000000c0000000, 0x00000000c4300000, 0x00000000eab00000)
  object space 68608K, 13% used [0x00000000c0000000,0x00000000c093b968,0x00000000c4300000)
 Metaspace       used 30795K, capacity 32957K, committed 33152K, reserved 1079296K
  class space    used 3115K, capacity 3871K, committed 3968K, reserved 1048576K
}
Event: 6.152 GC heap after
{Heap after GC invocations=9 (full 1):
 PSYoungGen      total 28672K, used 4579K [0x00000000eab00000, 0x00000000ece80000, 0x0000000100000000)
  eden space 24064K, 0% used [0x00000000eab00000,0x00000000eab00000,0x00000000ec280000)
  from space 4608K, 99% used [0x00000000ec880000,0x00000000eccf8c78,0x00000000ecd00000)
  to   space 6144K, 0% used [0x00000000ec280000,0x00000000ec280000,0x00000000ec880000)
 ParOldGen       total 68608K, used 10380K [0x00000000c0000000, 0x00000000c4300000, 0x00000000eab00000)
  object space 68608K, 15% used [0x00000000c0000000,0x00000000c0a23018,0x00000000c4300000)
 Metaspace       used 30795K, capacity 32957K, committed 33152K, reserved 1079296K
  class space    used 3115K, capacity 3871K, committed 3968K, reserved 1048576K
}
Event: 6.769 GC heap before
{Heap before GC invocations=10 (full 1):
 PSYoungGen      total 28672K, used 21147K [0x00000000eab00000, 0x00000000ece80000, 0x0000000100000000)
  eden space 24064K, 68% used [0x00000000eab00000,0x00000000ebb2e198,0x00000000ec280000)
  from space 4608K, 99% used [0x00000000ec880000,0x00000000eccf8c78,0x00000000ecd00000)
  to   space 6144K, 0% used [0x00000000ec280000,0x00000000ec280000,0x00000000ec880000)
 ParOldGen       total 68608K, used 10380K [0x00000000c0000000, 0x00000000c4300000, 0x00000000eab00000)
  object space 68608K, 15% used [0x00000000c0000000,0x00000000c0a23018,0x00000000c4300000)
 Metaspace       used 33249K, capacity 35347K, committed 35416K, reserved 1081344K
  class space    used 3428K, capacity 4196K, committed 4224K, reserved 1048576K
}
Event: 6.773 GC heap after
{Heap after GC invocations=10 (full 1):
 PSYoungGen      total 27648K, used 3252K [0x00000000eab00000, 0x00000000eca80000, 0x0000000100000000)
  eden space 24064K, 0% used [0x00000000eab00000,0x00000000eab00000,0x00000000ec280000)
  from space 3584K, 90% used [0x00000000ec280000,0x00000000ec5ad158,0x00000000ec600000)
  to   space 4096K, 0% used [0x00000000ec680000,0x00000000ec680000,0x00000000eca80000)
 ParOldGen       total 68608K, used 12144K [0x00000000c0000000, 0x00000000c4300000, 0x00000000eab00000)
  object space 68608K, 17% used [0x00000000c0000000,0x00000000c0bdc260,0x00000000c4300000)
 Metaspace       used 33249K, capacity 35347K, committed 35416K, reserved 1081344K
  class space    used 3428K, capacity 4196K, committed 4224K, reserved 1048576K
}
Event: 6.773 GC heap before
{Heap before GC invocations=11 (full 2):
 PSYoungGen      total 27648K, used 3252K [0x00000000eab00000, 0x00000000eca80000, 0x0000000100000000)
  eden space 24064K, 0% used [0x00000000eab00000,0x00000000eab00000,0x00000000ec280000)
  from space 3584K, 90% used [0x00000000ec280000,0x00000000ec5ad158,0x00000000ec600000)
  to   space 4096K, 0% used [0x00000000ec680000,0x00000000ec680000,0x00000000eca80000)
 ParOldGen       total 68608K, used 12144K [0x00000000c0000000, 0x00000000c4300000, 0x00000000eab00000)
  object space 68608K, 17% used [0x00000000c0000000,0x00000000c0bdc260,0x00000000c4300000)
 Metaspace       used 33249K, capacity 35347K, committed 35416K, reserved 1081344K
  class space    used 3428K, capacity 4196K, committed 4224K, reserved 1048576K
}
Event: 6.810 GC heap after
{Heap after GC invocations=11 (full 2):
 PSYoungGen      total 27648K, used 0K [0x00000000eab00000, 0x00000000eca80000, 0x0000000100000000)
  eden space 24064K, 0% used [0x00000000eab00000,0x00000000eab00000,0x00000000ec280000)
  from space 3584K, 0% used [0x00000000ec280000,0x00000000ec280000,0x00000000ec600000)
  to   space 4096K, 0% used [0x00000000ec680000,0x00000000ec680000,0x00000000eca80000)
 ParOldGen       total 68608K, used 14892K [0x00000000c0000000, 0x00000000c4300000, 0x00000000eab00000)
  object space 68608K, 21% used [0x00000000c0000000,0x00000000c0e8b240,0x00000000c4300000)
 Metaspace       used 33249K, capacity 35347K, committed 35416K, reserved 1081344K
  class space    used 3428K, capacity 4196K, committed 4224K, reserved 1048576K
}
Event: 7.280 GC heap before
{Heap before GC invocations=12 (full 2):
 PSYoungGen      total 27648K, used 24055K [0x00000000eab00000, 0x00000000eca80000, 0x0000000100000000)
  eden space 24064K, 99% used [0x00000000eab00000,0x00000000ec27ddf8,0x00000000ec280000)
  from space 3584K, 0% used [0x00000000ec280000,0x00000000ec280000,0x00000000ec600000)
  to   space 4096K, 0% used [0x00000000ec680000,0x00000000ec680000,0x00000000eca80000)
 ParOldGen       total 68608K, used 14892K [0x00000000c0000000, 0x00000000c4300000, 0x00000000eab00000)
  object space 68608K, 21% used [0x00000000c0000000,0x00000000c0e8b240,0x00000000c4300000)
 Metaspace       used 35696K, capacity 37879K, committed 38104K, reserved 1083392K
  class space    used 3753K, capacity 4529K, committed 4608K, reserved 1048576K
}
Event: 7.283 GC heap after
{Heap after GC invocations=12 (full 2):
 PSYoungGen      total 24576K, used 864K [0x00000000eab00000, 0x00000000ec780000, 0x0000000100000000)
  eden space 23552K, 0% used [0x00000000eab00000,0x00000000eab00000,0x00000000ec200000)
  from space 1024K, 84% used [0x00000000ec680000,0x00000000ec758000,0x00000000ec780000)
  to   space 2048K, 0% used [0x00000000ec380000,0x00000000ec380000,0x00000000ec580000)
 ParOldGen       total 68608K, used 14900K [0x00000000c0000000, 0x00000000c4300000, 0x00000000eab00000)
  object space 68608K, 21% used [0x00000000c0000000,0x00000000c0e8d240,0x00000000c4300000)
 Metaspace       used 35696K, capacity 37879K, committed 38104K, reserved 1083392K
  class space    used 3753K, capacity 4529K, committed 4608K, reserved 1048576K
}

